2020-06-09 15:28:38 INFO  EmployeesRestAPI:21 - *********Started TC001_Get_All_Employees **********
2020-06-09 15:28:39 INFO  EmployeesRestAPI:117 - ***********  Checking Content Lenght**********
2020-06-09 15:28:39 INFO  EmployeesRestAPI:120 - Content Length is==>595
2020-06-09 15:28:39 INFO  EmployeesRestAPI:84 - ***********  Checking Content Type **********
2020-06-09 15:28:39 INFO  EmployeesRestAPI:87 - Content type is ==>application/json;charset=utf-8
2020-06-09 15:28:39 INFO  EmployeesRestAPI:132 - ***********  Checking Cookies **********
2020-06-09 15:28:39 INFO  EmployeesRestAPI:55 - ***********  Checking Response Time **********
2020-06-09 15:28:39 INFO  EmployeesRestAPI:58 - Response Time is ==>752
2020-06-09 15:28:39 INFO  EmployeesRestAPI:33 - ***********  Checking Respose Body **********
2020-06-09 15:28:39 INFO  EmployeesRestAPI:36 - Response Body==>{"status":"success","data":[{"id":"1","employee_name":"Tiger Nixon","employee_salary":"320800","employee_age":"61","profile_image":""},{"id":"2","employee_name":"Garrett Winters","employee_salary":"170750","employee_age":"63","profile_image":""},{"id":"3","employee_name":"Ashton Cox","employee_salary":"86000","employee_age":"66","profile_image":""},{"id":"4","employee_name":"Cedric Kelly","employee_salary":"433060","employee_age":"22","profile_image":""},{"id":"5","employee_name":"Airi Satou","employee_salary":"162700","employee_age":"33","profile_image":""},{"id":"6","employee_name":"Brielle Williamson","employee_salary":"372000","employee_age":"61","profile_image":""},{"id":"7","employee_name":"Herrod Chandler","employee_salary":"137500","employee_age":"59","profile_image":""},{"id":"8","employee_name":"Rhona Davidson","employee_salary":"327900","employee_age":"55","profile_image":""},{"id":"9","employee_name":"Colleen Hurst","employee_salary":"205500","employee_age":"39","profile_image":""},{"id":"10","employee_name":"Sonya Frost","employee_salary":"103600","employee_age":"23","profile_image":""},{"id":"11","employee_name":"Jena Gaines","employee_salary":"90560","employee_age":"30","profile_image":""},{"id":"12","employee_name":"Quinn Flynn","employee_salary":"342000","employee_age":"22","profile_image":""},{"id":"13","employee_name":"Charde Marshall","employee_salary":"470600","employee_age":"36","profile_image":""},{"id":"14","employee_name":"Haley Kennedy","employee_salary":"313500","employee_age":"43","profile_image":""},{"id":"15","employee_name":"Tatyana Fitzpatrick","employee_salary":"385750","employee_age":"19","profile_image":""},{"id":"16","employee_name":"Michael Silva","employee_salary":"198500","employee_age":"66","profile_image":""},{"id":"17","employee_name":"Paul Byrd","employee_salary":"725000","employee_age":"64","profile_image":""},{"id":"18","employee_name":"Gloria Little","employee_salary":"237500","employee_age":"59","profile_image":""},{"id":"19","employee_name":"Bradley Greer","employee_salary":"132000","employee_age":"41","profile_image":""},{"id":"20","employee_name":"Dai Rios","employee_salary":"217500","employee_age":"35","profile_image":""},{"id":"21","employee_name":"Jenette Caldwell","employee_salary":"345000","employee_age":"30","profile_image":""},{"id":"22","employee_name":"Yuri Berry","employee_salary":"675000","employee_age":"40","profile_image":""},{"id":"23","employee_name":"Caesar Vance","employee_salary":"106450","employee_age":"21","profile_image":""},{"id":"24","employee_name":"Doris Wilder","employee_salary":"85600","employee_age":"23","profile_image":""}]}
2020-06-09 15:28:39 INFO  EmployeesRestAPI:44 - ***********  Checking Status Code **********
2020-06-09 15:28:39 INFO  EmployeesRestAPI:47 - Status Code is ==>200
2020-06-09 15:28:39 INFO  EmployeesRestAPI:105 - ***********  Checking Content Encoding**********
2020-06-09 15:28:39 INFO  EmployeesRestAPI:108 - Content Encoding is==>gzip
2020-06-09 15:28:39 INFO  EmployeesRestAPI:94 - ***********  Checking Server Type **********
2020-06-09 15:28:39 INFO  EmployeesRestAPI:97 - Server Type is =>nginx/1.16.0
2020-06-09 15:28:39 INFO  EmployeesRestAPI:71 - ***********  Checking Status Line **********
2020-06-09 15:28:39 INFO  EmployeesRestAPI:74 - Status Line is ==>HTTP/1.1 200 OK
2020-06-09 15:28:39 INFO  EmployeesRestAPI:142 - *********  Finished TC001_Get_All_Employees **********
2020-06-09 15:47:09 INFO  EmployeesRestAPI:35 - *********Started TC002_Get_Single_Employee_Record **********
2020-06-09 15:47:19 INFO  EmployeesRestAPI:98 - *********  Finished TC002_Get_Single_Employee_Record **********
2020-06-09 15:49:35 INFO  EmployeesRestAPI:35 - *********Started TC002_Get_Single_Employee_Record **********
2020-06-09 15:49:44 INFO  EmployeesRestAPI:98 - *********  Finished TC002_Get_Single_Employee_Record **********
2020-06-09 15:51:02 INFO  EmployeesRestAPI:35 - *********Started TC002_Get_Single_Employee_Record **********
2020-06-09 15:51:11 INFO  EmployeesRestAPI:98 - *********  Finished TC002_Get_Single_Employee_Record **********
2020-06-09 15:54:12 INFO  EmployeesRestAPI:35 - *********Started TC002_Get_Single_Employee_Record **********
2020-06-09 15:54:21 INFO  EmployeesRestAPI:98 - *********  Finished TC002_Get_Single_Employee_Record **********
2020-06-09 16:01:18 INFO  EmployeesRestAPI:35 - *********Started TC002_Get_Single_Employee_Record **********
2020-06-09 16:01:27 INFO  EmployeesRestAPI:98 - *********  Finished TC002_Get_Single_Employee_Record **********
2020-06-09 16:03:07 INFO  EmployeesRestAPI:35 - *********Started TC002_Get_Single_Employee_Record **********
2020-06-09 16:03:17 INFO  EmployeesRestAPI:98 - *********  Finished TC002_Get_Single_Employee_Record **********
2020-06-09 16:52:10 INFO  EmployeesRestAPI:35 - *********Started TC002_Get_Single_Employee_Record **********
2020-06-09 16:52:19 INFO  EmployeesRestAPI:98 - *********  Finished TC002_Get_Single_Employee_Record **********
2020-06-09 16:58:24 INFO  EmployeesRestAPI:35 - *********Started TC002_Get_Single_Employee_Record **********
2020-06-09 16:58:33 INFO  EmployeesRestAPI:99 - *********  Finished TC002_Get_Single_Employee_Record **********
2020-06-09 16:59:39 INFO  EmployeesRestAPI:35 - *********Started TC002_Get_Single_Employee_Record **********
2020-06-09 16:59:48 INFO  EmployeesRestAPI:100 - *********  Finished TC002_Get_Single_Employee_Record **********
2020-06-09 17:01:01 INFO  EmployeesRestAPI:35 - *********Started TC002_Get_Single_Employee_Record **********
2020-06-09 17:01:10 INFO  EmployeesRestAPI:102 - *********  Finished TC002_Get_Single_Employee_Record **********
2020-06-09 17:10:09 INFO  EmployeesRestAPI:35 - *********Started TC002_Get_Single_Employee_Record **********
2020-06-09 17:10:19 INFO  EmployeesRestAPI:102 - *********  Finished TC002_Get_Single_Employee_Record **********
2020-06-09 17:11:08 INFO  EmployeesRestAPI:35 - *********Started TC002_Get_Single_Employee_Record **********
2020-06-09 17:11:18 INFO  EmployeesRestAPI:102 - *********  Finished TC002_Get_Single_Employee_Record **********
2020-06-09 17:14:13 INFO  EmployeesRestAPI:35 - *********Started TC002_Get_Single_Employee_Record **********
2020-06-09 17:14:22 INFO  EmployeesRestAPI:102 - *********  Finished TC002_Get_Single_Employee_Record **********
2020-06-09 17:44:15 INFO  EmployeesRestAPI:35 - *********Started TC002_Get_Single_Employee_Record **********
2020-06-09 17:44:24 INFO  EmployeesRestAPI:102 - *********  Finished TC002_Get_Single_Employee_Record **********
2020-06-09 17:55:47 INFO  EmployeesRestAPI:35 - *********Started TC002_Get_Single_Employee_Record **********
2020-06-09 17:55:57 INFO  EmployeesRestAPI:102 - *********  Finished TC002_Get_Single_Employee_Record **********
2020-06-09 17:57:11 INFO  EmployeesRestAPI:35 - *********Started TC002_Get_Single_Employee_Record **********
2020-06-09 17:57:20 INFO  EmployeesRestAPI:102 - *********  Finished TC002_Get_Single_Employee_Record **********
2020-06-09 18:12:20 INFO  EmployeesRestAPI:35 - *********Started TC002_Get_Single_Employee_Record **********
2020-06-09 18:12:29 INFO  EmployeesRestAPI:102 - *********  Finished TC002_Get_Single_Employee_Record **********
2020-06-09 18:13:43 INFO  EmployeesRestAPI:35 - *********Started TC002_Get_Single_Employee_Record **********
2020-06-09 18:13:52 INFO  EmployeesRestAPI:102 - *********  Finished TC002_Get_Single_Employee_Record **********
2020-06-09 18:32:51 INFO  EmployeesRestAPI:21 - *********Started TC001_Get_All_Employees **********
2020-06-09 18:32:52 INFO  EmployeesRestAPI:117 - ***********  Checking Content Lenght**********
2020-06-09 18:32:52 INFO  EmployeesRestAPI:120 - Content Length is==>595
2020-06-09 18:32:52 INFO  EmployeesRestAPI:84 - ***********  Checking Content Type **********
2020-06-09 18:32:52 INFO  EmployeesRestAPI:87 - Content type is ==>application/json;charset=utf-8
2020-06-09 18:32:52 INFO  EmployeesRestAPI:132 - ***********  Checking Cookies **********
2020-06-09 18:32:52 INFO  EmployeesRestAPI:55 - ***********  Checking Response Time **********
2020-06-09 18:32:52 INFO  EmployeesRestAPI:58 - Response Time is ==>1066
2020-06-09 18:32:52 INFO  EmployeesRestAPI:33 - ***********  Checking Respose Body **********
2020-06-09 18:32:52 INFO  EmployeesRestAPI:36 - Response Body==>{"status":"success","data":[{"id":"1","employee_name":"Tiger Nixon","employee_salary":"320800","employee_age":"61","profile_image":""},{"id":"2","employee_name":"Garrett Winters","employee_salary":"170750","employee_age":"63","profile_image":""},{"id":"3","employee_name":"Ashton Cox","employee_salary":"86000","employee_age":"66","profile_image":""},{"id":"4","employee_name":"Cedric Kelly","employee_salary":"433060","employee_age":"22","profile_image":""},{"id":"5","employee_name":"Airi Satou","employee_salary":"162700","employee_age":"33","profile_image":""},{"id":"6","employee_name":"Brielle Williamson","employee_salary":"372000","employee_age":"61","profile_image":""},{"id":"7","employee_name":"Herrod Chandler","employee_salary":"137500","employee_age":"59","profile_image":""},{"id":"8","employee_name":"Rhona Davidson","employee_salary":"327900","employee_age":"55","profile_image":""},{"id":"9","employee_name":"Colleen Hurst","employee_salary":"205500","employee_age":"39","profile_image":""},{"id":"10","employee_name":"Sonya Frost","employee_salary":"103600","employee_age":"23","profile_image":""},{"id":"11","employee_name":"Jena Gaines","employee_salary":"90560","employee_age":"30","profile_image":""},{"id":"12","employee_name":"Quinn Flynn","employee_salary":"342000","employee_age":"22","profile_image":""},{"id":"13","employee_name":"Charde Marshall","employee_salary":"470600","employee_age":"36","profile_image":""},{"id":"14","employee_name":"Haley Kennedy","employee_salary":"313500","employee_age":"43","profile_image":""},{"id":"15","employee_name":"Tatyana Fitzpatrick","employee_salary":"385750","employee_age":"19","profile_image":""},{"id":"16","employee_name":"Michael Silva","employee_salary":"198500","employee_age":"66","profile_image":""},{"id":"17","employee_name":"Paul Byrd","employee_salary":"725000","employee_age":"64","profile_image":""},{"id":"18","employee_name":"Gloria Little","employee_salary":"237500","employee_age":"59","profile_image":""},{"id":"19","employee_name":"Bradley Greer","employee_salary":"132000","employee_age":"41","profile_image":""},{"id":"20","employee_name":"Dai Rios","employee_salary":"217500","employee_age":"35","profile_image":""},{"id":"21","employee_name":"Jenette Caldwell","employee_salary":"345000","employee_age":"30","profile_image":""},{"id":"22","employee_name":"Yuri Berry","employee_salary":"675000","employee_age":"40","profile_image":""},{"id":"23","employee_name":"Caesar Vance","employee_salary":"106450","employee_age":"21","profile_image":""},{"id":"24","employee_name":"Doris Wilder","employee_salary":"85600","employee_age":"23","profile_image":""}]}
2020-06-09 18:32:52 INFO  EmployeesRestAPI:44 - ***********  Checking Status Code **********
2020-06-09 18:32:52 INFO  EmployeesRestAPI:47 - Status Code is ==>200
2020-06-09 18:32:52 INFO  EmployeesRestAPI:105 - ***********  Checking Content Encoding**********
2020-06-09 18:32:52 INFO  EmployeesRestAPI:108 - Content Encoding is==>gzip
2020-06-09 18:32:52 INFO  EmployeesRestAPI:94 - ***********  Checking Server Type **********
2020-06-09 18:32:52 INFO  EmployeesRestAPI:97 - Server Type is =>nginx/1.16.0
2020-06-09 18:32:52 INFO  EmployeesRestAPI:71 - ***********  Checking Status Line **********
2020-06-09 18:32:52 INFO  EmployeesRestAPI:74 - Status Line is ==>HTTP/1.1 200 OK
2020-06-09 18:32:52 INFO  EmployeesRestAPI:142 - *********  Finished TC001_Get_All_Employees **********
2020-06-09 18:45:15 INFO  EmployeesRestAPI:35 - *********Started TC002_Get_Single_Employee_Record **********
2020-06-09 18:45:26 INFO  EmployeesRestAPI:102 - *********  Finished TC002_Get_Single_Employee_Record **********
2020-06-09 18:52:27 INFO  EmployeesRestAPI:35 - *********Started TC002_Get_Single_Employee_Record **********
2020-06-09 18:52:36 INFO  EmployeesRestAPI:103 - *********  Finished TC002_Get_Single_Employee_Record **********
2020-06-10 16:04:56 INFO  EmployeesRestAPI:21 - *********Started TC001_Get_All_Employees **********
2020-06-10 16:04:58 INFO  EmployeesRestAPI:117 - ***********  Checking Content Lenght**********
2020-06-10 16:04:58 INFO  EmployeesRestAPI:120 - Content Length is==>595
2020-06-10 16:04:58 INFO  EmployeesRestAPI:84 - ***********  Checking Content Type **********
2020-06-10 16:04:58 INFO  EmployeesRestAPI:87 - Content type is ==>application/json;charset=utf-8
2020-06-10 16:04:58 INFO  EmployeesRestAPI:132 - ***********  Checking Cookies **********
2020-06-10 16:04:58 INFO  EmployeesRestAPI:55 - ***********  Checking Response Time **********
2020-06-10 16:04:58 INFO  EmployeesRestAPI:58 - Response Time is ==>1526
2020-06-10 16:04:58 INFO  EmployeesRestAPI:33 - ***********  Checking Respose Body **********
2020-06-10 16:04:58 INFO  EmployeesRestAPI:36 - Response Body==>{"status":"success","data":[{"id":"1","employee_name":"Tiger Nixon","employee_salary":"320800","employee_age":"61","profile_image":""},{"id":"2","employee_name":"Garrett Winters","employee_salary":"170750","employee_age":"63","profile_image":""},{"id":"3","employee_name":"Ashton Cox","employee_salary":"86000","employee_age":"66","profile_image":""},{"id":"4","employee_name":"Cedric Kelly","employee_salary":"433060","employee_age":"22","profile_image":""},{"id":"5","employee_name":"Airi Satou","employee_salary":"162700","employee_age":"33","profile_image":""},{"id":"6","employee_name":"Brielle Williamson","employee_salary":"372000","employee_age":"61","profile_image":""},{"id":"7","employee_name":"Herrod Chandler","employee_salary":"137500","employee_age":"59","profile_image":""},{"id":"8","employee_name":"Rhona Davidson","employee_salary":"327900","employee_age":"55","profile_image":""},{"id":"9","employee_name":"Colleen Hurst","employee_salary":"205500","employee_age":"39","profile_image":""},{"id":"10","employee_name":"Sonya Frost","employee_salary":"103600","employee_age":"23","profile_image":""},{"id":"11","employee_name":"Jena Gaines","employee_salary":"90560","employee_age":"30","profile_image":""},{"id":"12","employee_name":"Quinn Flynn","employee_salary":"342000","employee_age":"22","profile_image":""},{"id":"13","employee_name":"Charde Marshall","employee_salary":"470600","employee_age":"36","profile_image":""},{"id":"14","employee_name":"Haley Kennedy","employee_salary":"313500","employee_age":"43","profile_image":""},{"id":"15","employee_name":"Tatyana Fitzpatrick","employee_salary":"385750","employee_age":"19","profile_image":""},{"id":"16","employee_name":"Michael Silva","employee_salary":"198500","employee_age":"66","profile_image":""},{"id":"17","employee_name":"Paul Byrd","employee_salary":"725000","employee_age":"64","profile_image":""},{"id":"18","employee_name":"Gloria Little","employee_salary":"237500","employee_age":"59","profile_image":""},{"id":"19","employee_name":"Bradley Greer","employee_salary":"132000","employee_age":"41","profile_image":""},{"id":"20","employee_name":"Dai Rios","employee_salary":"217500","employee_age":"35","profile_image":""},{"id":"21","employee_name":"Jenette Caldwell","employee_salary":"345000","employee_age":"30","profile_image":""},{"id":"22","employee_name":"Yuri Berry","employee_salary":"675000","employee_age":"40","profile_image":""},{"id":"23","employee_name":"Caesar Vance","employee_salary":"106450","employee_age":"21","profile_image":""},{"id":"24","employee_name":"Doris Wilder","employee_salary":"85600","employee_age":"23","profile_image":""}]}
2020-06-10 16:04:58 INFO  EmployeesRestAPI:44 - ***********  Checking Status Code **********
2020-06-10 16:04:58 INFO  EmployeesRestAPI:47 - Status Code is ==>200
2020-06-10 16:04:58 INFO  EmployeesRestAPI:105 - ***********  Checking Content Encoding**********
2020-06-10 16:04:58 INFO  EmployeesRestAPI:108 - Content Encoding is==>gzip
2020-06-10 16:04:58 INFO  EmployeesRestAPI:94 - ***********  Checking Server Type **********
2020-06-10 16:04:58 INFO  EmployeesRestAPI:97 - Server Type is =>nginx/1.16.0
2020-06-10 16:04:58 INFO  EmployeesRestAPI:71 - ***********  Checking Status Line **********
2020-06-10 16:04:58 INFO  EmployeesRestAPI:74 - Status Line is ==>HTTP/1.1 200 OK
2020-06-10 16:04:58 INFO  EmployeesRestAPI:142 - *********  Finished TC001_Get_All_Employees **********
2020-06-10 16:05:28 INFO  EmployeesRestAPI:35 - *********Started TC002_Get_Single_Employee_Record **********
2020-06-10 16:05:37 INFO  EmployeesRestAPI:103 - *********  Finished TC002_Get_Single_Employee_Record **********
2020-06-11 07:18:45 INFO  EmployeesRestAPI:35 - *********Started TC002_Get_Single_Employ ee_Record **********
2020-06-11 07:18:55 INFO  EmployeesRestAPI:103 - *********  Finished TC002_Get_Single_Employee_Record **********
2020-06-11 07:20:25 INFO  EmployeesRestAPI:35 - *********Started TC002_Get_Single_Employee_Record **********
2020-06-11 07:20:34 INFO  EmployeesRestAPI:103 - *********  Finished TC002_Get_Single_Employee_Record **********
2020-06-11 08:12:43 INFO  EmployeesRestAPI:35 - *********Started TC002_Get_Single_Employee_Record **********
2020-06-11 08:12:53 INFO  EmployeesRestAPI:103 - *********  Finished TC002_Get_Single_Employee_Record **********
2020-06-11 08:26:47 INFO  EmployeesRestAPI:42 - *********Started TC003_Post_Employee_Record **********
2020-06-11 08:26:55 INFO  EmployeesRestAPI:115 - *********  Finished TC003_Post_Employee_Record **********
2020-06-11 08:30:24 INFO  EmployeesRestAPI:42 - *********Started TC003_Post_Employee_Record **********
2020-06-11 08:30:31 INFO  EmployeesRestAPI:115 - *********  Finished TC003_Post_Employee_Record **********
2020-06-11 08:31:22 INFO  EmployeesRestAPI:42 - *********Started TC003_Post_Employee_Record **********
2020-06-11 08:31:29 INFO  EmployeesRestAPI:115 - *********  Finished TC003_Post_Employee_Record **********
2020-06-11 08:32:15 INFO  EmployeesRestAPI:42 - *********Started TC003_Post_Employee_Record **********
2020-06-11 08:32:23 INFO  EmployeesRestAPI:115 - *********  Finished TC003_Post_Employee_Record **********
2020-06-11 08:32:50 INFO  EmployeesRestAPI:42 - *********Started TC003_Post_Employee_Record **********
2020-06-11 08:32:57 INFO  EmployeesRestAPI:115 - *********  Finished TC003_Post_Employee_Record **********
2020-06-11 08:52:42 INFO  EmployeesRestAPI:41 - *********Started TC004_Put_Employee_Record **********
2020-06-11 08:52:49 INFO  EmployeesRestAPI:115 - *********  Finished TC004_Put_Employee_Record **********
2020-06-11 09:01:07 INFO  EmployeesRestAPI:42 - *********Started TC003_Post_Employee_Record **********
2020-06-11 09:01:14 INFO  EmployeesRestAPI:115 - *********  Finished TC003_Post_Employee_Record **********
2020-06-11 09:17:14 INFO  EmployeesRestAPI:41 - *********Started TC004_Put_Employee_Record **********
2020-06-11 09:17:21 INFO  EmployeesRestAPI:115 - *********  Finished TC004_Put_Employee_Record **********
2020-06-11 09:27:05 INFO  EmployeesRestAPI:37 - *********Started TC005_Delete_Employee_Record **********
2020-06-11 09:27:12 INFO  EmployeesRestAPI:102 - *********  Finished TC005_Delete_Employee_Record **********
2020-06-11 09:43:57 INFO  EmployeesRestAPI:37 - *********Started TC005_Delete_Employee_Record **********
2020-06-11 09:44:03 INFO  EmployeesRestAPI:102 - *********  Finished TC005_Delete_Employee_Record **********
2020-06-11 09:56:06 INFO  EmployeesRestAPI:21 - *********Started TC001_Get_All_Employees **********
2020-06-11 09:56:08 INFO  EmployeesRestAPI:117 - ***********  Checking Content Lenght**********
2020-06-11 09:56:08 INFO  EmployeesRestAPI:120 - Content Length is==>595
2020-06-11 09:56:08 INFO  EmployeesRestAPI:84 - ***********  Checking Content Type **********
2020-06-11 09:56:08 INFO  EmployeesRestAPI:87 - Content type is ==>application/json;charset=utf-8
2020-06-11 09:56:08 INFO  EmployeesRestAPI:132 - ***********  Checking Cookies **********
2020-06-11 09:56:08 INFO  EmployeesRestAPI:55 - ***********  Checking Response Time **********
2020-06-11 09:56:08 INFO  EmployeesRestAPI:58 - Response Time is ==>1170
2020-06-11 09:56:08 INFO  EmployeesRestAPI:33 - ***********  Checking Respose Body **********
2020-06-11 09:56:08 INFO  EmployeesRestAPI:36 - Response Body==>{"status":"success","data":[{"id":"1","employee_name":"Tiger Nixon","employee_salary":"320800","employee_age":"61","profile_image":""},{"id":"2","employee_name":"Garrett Winters","employee_salary":"170750","employee_age":"63","profile_image":""},{"id":"3","employee_name":"Ashton Cox","employee_salary":"86000","employee_age":"66","profile_image":""},{"id":"4","employee_name":"Cedric Kelly","employee_salary":"433060","employee_age":"22","profile_image":""},{"id":"5","employee_name":"Airi Satou","employee_salary":"162700","employee_age":"33","profile_image":""},{"id":"6","employee_name":"Brielle Williamson","employee_salary":"372000","employee_age":"61","profile_image":""},{"id":"7","employee_name":"Herrod Chandler","employee_salary":"137500","employee_age":"59","profile_image":""},{"id":"8","employee_name":"Rhona Davidson","employee_salary":"327900","employee_age":"55","profile_image":""},{"id":"9","employee_name":"Colleen Hurst","employee_salary":"205500","employee_age":"39","profile_image":""},{"id":"10","employee_name":"Sonya Frost","employee_salary":"103600","employee_age":"23","profile_image":""},{"id":"11","employee_name":"Jena Gaines","employee_salary":"90560","employee_age":"30","profile_image":""},{"id":"12","employee_name":"Quinn Flynn","employee_salary":"342000","employee_age":"22","profile_image":""},{"id":"13","employee_name":"Charde Marshall","employee_salary":"470600","employee_age":"36","profile_image":""},{"id":"14","employee_name":"Haley Kennedy","employee_salary":"313500","employee_age":"43","profile_image":""},{"id":"15","employee_name":"Tatyana Fitzpatrick","employee_salary":"385750","employee_age":"19","profile_image":""},{"id":"16","employee_name":"Michael Silva","employee_salary":"198500","employee_age":"66","profile_image":""},{"id":"17","employee_name":"Paul Byrd","employee_salary":"725000","employee_age":"64","profile_image":""},{"id":"18","employee_name":"Gloria Little","employee_salary":"237500","employee_age":"59","profile_image":""},{"id":"19","employee_name":"Bradley Greer","employee_salary":"132000","employee_age":"41","profile_image":""},{"id":"20","employee_name":"Dai Rios","employee_salary":"217500","employee_age":"35","profile_image":""},{"id":"21","employee_name":"Jenette Caldwell","employee_salary":"345000","employee_age":"30","profile_image":""},{"id":"22","employee_name":"Yuri Berry","employee_salary":"675000","employee_age":"40","profile_image":""},{"id":"23","employee_name":"Caesar Vance","employee_salary":"106450","employee_age":"21","profile_image":""},{"id":"24","employee_name":"Doris Wilder","employee_salary":"85600","employee_age":"23","profile_image":""}]}
2020-06-11 09:56:08 INFO  EmployeesRestAPI:44 - ***********  Checking Status Code **********
2020-06-11 09:56:08 INFO  EmployeesRestAPI:47 - Status Code is ==>200
2020-06-11 09:56:08 INFO  EmployeesRestAPI:105 - ***********  Checking Content Encoding**********
2020-06-11 09:56:08 INFO  EmployeesRestAPI:108 - Content Encoding is==>gzip
2020-06-11 09:56:08 INFO  EmployeesRestAPI:94 - ***********  Checking Server Type **********
2020-06-11 09:56:08 INFO  EmployeesRestAPI:97 - Server Type is =>nginx/1.16.0
2020-06-11 09:56:08 INFO  EmployeesRestAPI:71 - ***********  Checking Status Line **********
2020-06-11 09:56:08 INFO  EmployeesRestAPI:74 - Status Line is ==>HTTP/1.1 200 OK
2020-06-11 09:56:08 INFO  EmployeesRestAPI:142 - *********  Finished TC001_Get_All_Employees **********
2020-06-11 09:56:08 INFO  EmployeesRestAPI:35 - *********Started TC002_Get_Single_Employee_Record **********
2020-06-11 09:56:16 INFO  EmployeesRestAPI:103 - *********  Finished TC002_Get_Single_Employee_Record **********
2020-06-11 09:56:16 INFO  EmployeesRestAPI:42 - *********Started TC003_Post_Employee_Record **********
2020-06-11 09:56:23 INFO  EmployeesRestAPI:115 - *********  Finished TC003_Post_Employee_Record **********
2020-06-11 09:56:23 INFO  EmployeesRestAPI:41 - *********Started TC004_Put_Employee_Record **********
2020-06-11 09:56:29 INFO  EmployeesRestAPI:115 - *********  Finished TC004_Put_Employee_Record **********
2020-06-11 09:56:29 INFO  EmployeesRestAPI:37 - *********Started TC005_Delete_Employee_Record **********
2020-06-11 09:56:33 INFO  EmployeesRestAPI:102 - *********  Finished TC005_Delete_Employee_Record **********
2020-06-11 10:06:19 INFO  EmployeesRestAPI:21 - *********Started TC001_Get_All_Employees **********
2020-06-11 10:06:25 INFO  EmployeesRestAPI:117 - ***********  Checking Content Lenght**********
2020-06-11 10:06:25 INFO  EmployeesRestAPI:120 - Content Length is==>595
2020-06-11 10:06:25 INFO  EmployeesRestAPI:84 - ***********  Checking Content Type **********
2020-06-11 10:06:25 INFO  EmployeesRestAPI:87 - Content type is ==>application/json;charset=utf-8
2020-06-11 10:06:25 INFO  EmployeesRestAPI:132 - ***********  Checking Cookies **********
2020-06-11 10:06:25 INFO  EmployeesRestAPI:55 - ***********  Checking Response Time **********
2020-06-11 10:06:25 INFO  EmployeesRestAPI:58 - Response Time is ==>975
2020-06-11 10:06:25 INFO  EmployeesRestAPI:33 - ***********  Checking Respose Body **********
2020-06-11 10:06:25 INFO  EmployeesRestAPI:36 - Response Body==>{"status":"success","data":[{"id":"1","employee_name":"Tiger Nixon","employee_salary":"320800","employee_age":"61","profile_image":""},{"id":"2","employee_name":"Garrett Winters","employee_salary":"170750","employee_age":"63","profile_image":""},{"id":"3","employee_name":"Ashton Cox","employee_salary":"86000","employee_age":"66","profile_image":""},{"id":"4","employee_name":"Cedric Kelly","employee_salary":"433060","employee_age":"22","profile_image":""},{"id":"5","employee_name":"Airi Satou","employee_salary":"162700","employee_age":"33","profile_image":""},{"id":"6","employee_name":"Brielle Williamson","employee_salary":"372000","employee_age":"61","profile_image":""},{"id":"7","employee_name":"Herrod Chandler","employee_salary":"137500","employee_age":"59","profile_image":""},{"id":"8","employee_name":"Rhona Davidson","employee_salary":"327900","employee_age":"55","profile_image":""},{"id":"9","employee_name":"Colleen Hurst","employee_salary":"205500","employee_age":"39","profile_image":""},{"id":"10","employee_name":"Sonya Frost","employee_salary":"103600","employee_age":"23","profile_image":""},{"id":"11","employee_name":"Jena Gaines","employee_salary":"90560","employee_age":"30","profile_image":""},{"id":"12","employee_name":"Quinn Flynn","employee_salary":"342000","employee_age":"22","profile_image":""},{"id":"13","employee_name":"Charde Marshall","employee_salary":"470600","employee_age":"36","profile_image":""},{"id":"14","employee_name":"Haley Kennedy","employee_salary":"313500","employee_age":"43","profile_image":""},{"id":"15","employee_name":"Tatyana Fitzpatrick","employee_salary":"385750","employee_age":"19","profile_image":""},{"id":"16","employee_name":"Michael Silva","employee_salary":"198500","employee_age":"66","profile_image":""},{"id":"17","employee_name":"Paul Byrd","employee_salary":"725000","employee_age":"64","profile_image":""},{"id":"18","employee_name":"Gloria Little","employee_salary":"237500","employee_age":"59","profile_image":""},{"id":"19","employee_name":"Bradley Greer","employee_salary":"132000","employee_age":"41","profile_image":""},{"id":"20","employee_name":"Dai Rios","employee_salary":"217500","employee_age":"35","profile_image":""},{"id":"21","employee_name":"Jenette Caldwell","employee_salary":"345000","employee_age":"30","profile_image":""},{"id":"22","employee_name":"Yuri Berry","employee_salary":"675000","employee_age":"40","profile_image":""},{"id":"23","employee_name":"Caesar Vance","employee_salary":"106450","employee_age":"21","profile_image":""},{"id":"24","employee_name":"Doris Wilder","employee_salary":"85600","employee_age":"23","profile_image":""}]}
2020-06-11 10:06:25 INFO  EmployeesRestAPI:44 - ***********  Checking Status Code **********
2020-06-11 10:06:25 INFO  EmployeesRestAPI:47 - Status Code is ==>200
2020-06-11 10:06:25 INFO  EmployeesRestAPI:105 - ***********  Checking Content Encoding**********
2020-06-11 10:06:25 INFO  EmployeesRestAPI:108 - Content Encoding is==>gzip
2020-06-11 10:06:25 INFO  EmployeesRestAPI:94 - ***********  Checking Server Type **********
2020-06-11 10:06:25 INFO  EmployeesRestAPI:97 - Server Type is =>nginx/1.16.0
2020-06-11 10:06:25 INFO  EmployeesRestAPI:71 - ***********  Checking Status Line **********
2020-06-11 10:06:25 INFO  EmployeesRestAPI:74 - Status Line is ==>HTTP/1.1 200 OK
2020-06-11 10:06:25 INFO  EmployeesRestAPI:142 - *********  Finished TC001_Get_All_Employees **********
2020-06-11 10:06:25 INFO  EmployeesRestAPI:35 - *********Started TC002_Get_Single_Employee_Record **********
2020-06-11 10:06:33 INFO  EmployeesRestAPI:103 - *********  Finished TC002_Get_Single_Employee_Record **********
2020-06-11 10:06:33 INFO  EmployeesRestAPI:42 - *********Started TC003_Post_Employee_Record **********
2020-06-11 10:06:39 INFO  EmployeesRestAPI:115 - *********  Finished TC003_Post_Employee_Record **********
2020-06-11 10:06:39 INFO  EmployeesRestAPI:41 - *********Started TC004_Put_Employee_Record **********
2020-06-11 10:06:45 INFO  EmployeesRestAPI:115 - *********  Finished TC004_Put_Employee_Record **********
2020-06-11 10:06:45 INFO  EmployeesRestAPI:37 - *********Started TC005_Delete_Employee_Record **********
2020-06-11 10:06:49 INFO  EmployeesRestAPI:102 - *********  Finished TC005_Delete_Employee_Record **********
2020-06-11 10:22:01 INFO  EmployeesRestAPI:21 - *********Started TC001_Get_All_Employees **********
2020-06-11 10:22:07 INFO  EmployeesRestAPI:117 - ***********  Checking Content Lenght**********
2020-06-11 10:22:07 INFO  EmployeesRestAPI:120 - Content Length is==>595
2020-06-11 10:22:07 INFO  EmployeesRestAPI:84 - ***********  Checking Content Type **********
2020-06-11 10:22:07 INFO  EmployeesRestAPI:87 - Content type is ==>application/json;charset=utf-8
2020-06-11 10:22:07 INFO  EmployeesRestAPI:132 - ***********  Checking Cookies **********
2020-06-11 10:22:07 INFO  EmployeesRestAPI:55 - ***********  Checking Response Time **********
2020-06-11 10:22:07 INFO  EmployeesRestAPI:58 - Response Time is ==>973
2020-06-11 10:22:07 INFO  EmployeesRestAPI:33 - ***********  Checking Respose Body **********
2020-06-11 10:22:07 INFO  EmployeesRestAPI:36 - Response Body==>{"status":"success","data":[{"id":"1","employee_name":"Tiger Nixon","employee_salary":"320800","employee_age":"61","profile_image":""},{"id":"2","employee_name":"Garrett Winters","employee_salary":"170750","employee_age":"63","profile_image":""},{"id":"3","employee_name":"Ashton Cox","employee_salary":"86000","employee_age":"66","profile_image":""},{"id":"4","employee_name":"Cedric Kelly","employee_salary":"433060","employee_age":"22","profile_image":""},{"id":"5","employee_name":"Airi Satou","employee_salary":"162700","employee_age":"33","profile_image":""},{"id":"6","employee_name":"Brielle Williamson","employee_salary":"372000","employee_age":"61","profile_image":""},{"id":"7","employee_name":"Herrod Chandler","employee_salary":"137500","employee_age":"59","profile_image":""},{"id":"8","employee_name":"Rhona Davidson","employee_salary":"327900","employee_age":"55","profile_image":""},{"id":"9","employee_name":"Colleen Hurst","employee_salary":"205500","employee_age":"39","profile_image":""},{"id":"10","employee_name":"Sonya Frost","employee_salary":"103600","employee_age":"23","profile_image":""},{"id":"11","employee_name":"Jena Gaines","employee_salary":"90560","employee_age":"30","profile_image":""},{"id":"12","employee_name":"Quinn Flynn","employee_salary":"342000","employee_age":"22","profile_image":""},{"id":"13","employee_name":"Charde Marshall","employee_salary":"470600","employee_age":"36","profile_image":""},{"id":"14","employee_name":"Haley Kennedy","employee_salary":"313500","employee_age":"43","profile_image":""},{"id":"15","employee_name":"Tatyana Fitzpatrick","employee_salary":"385750","employee_age":"19","profile_image":""},{"id":"16","employee_name":"Michael Silva","employee_salary":"198500","employee_age":"66","profile_image":""},{"id":"17","employee_name":"Paul Byrd","employee_salary":"725000","employee_age":"64","profile_image":""},{"id":"18","employee_name":"Gloria Little","employee_salary":"237500","employee_age":"59","profile_image":""},{"id":"19","employee_name":"Bradley Greer","employee_salary":"132000","employee_age":"41","profile_image":""},{"id":"20","employee_name":"Dai Rios","employee_salary":"217500","employee_age":"35","profile_image":""},{"id":"21","employee_name":"Jenette Caldwell","employee_salary":"345000","employee_age":"30","profile_image":""},{"id":"22","employee_name":"Yuri Berry","employee_salary":"675000","employee_age":"40","profile_image":""},{"id":"23","employee_name":"Caesar Vance","employee_salary":"106450","employee_age":"21","profile_image":""},{"id":"24","employee_name":"Doris Wilder","employee_salary":"85600","employee_age":"23","profile_image":""}]}
2020-06-11 10:22:07 INFO  EmployeesRestAPI:44 - ***********  Checking Status Code **********
2020-06-11 10:22:07 INFO  EmployeesRestAPI:47 - Status Code is ==>200
2020-06-11 10:22:07 INFO  EmployeesRestAPI:105 - ***********  Checking Content Encoding**********
2020-06-11 10:22:07 INFO  EmployeesRestAPI:108 - Content Encoding is==>gzip
2020-06-11 10:22:07 INFO  EmployeesRestAPI:94 - ***********  Checking Server Type **********
2020-06-11 10:22:07 INFO  EmployeesRestAPI:97 - Server Type is =>nginx/1.16.0
2020-06-11 10:22:07 INFO  EmployeesRestAPI:71 - ***********  Checking Status Line **********
2020-06-11 10:22:07 INFO  EmployeesRestAPI:74 - Status Line is ==>HTTP/1.1 200 OK
2020-06-11 10:22:07 INFO  EmployeesRestAPI:142 - *********  Finished TC001_Get_All_Employees **********
2020-06-11 10:22:07 INFO  EmployeesRestAPI:35 - *********Started TC002_Get_Single_Employee_Record **********
2020-06-11 10:22:15 INFO  EmployeesRestAPI:103 - *********  Finished TC002_Get_Single_Employee_Record **********
2020-06-11 10:22:15 INFO  EmployeesRestAPI:42 - *********Started TC003_Post_Employee_Record **********
2020-06-11 10:22:21 INFO  EmployeesRestAPI:115 - *********  Finished TC003_Post_Employee_Record **********
2020-06-11 10:22:21 INFO  EmployeesRestAPI:41 - *********Started TC004_Put_Employee_Record **********
2020-06-11 10:22:27 INFO  EmployeesRestAPI:115 - *********  Finished TC004_Put_Employee_Record **********
2020-06-11 10:22:27 INFO  EmployeesRestAPI:37 - *********Started TC005_Delete_Employee_Record **********
2020-06-11 10:22:31 INFO  EmployeesRestAPI:102 - *********  Finished TC005_Delete_Employee_Record **********
2020-06-11 10:36:21 INFO  EmployeesRestAPI:21 - *********Started TC001_Get_All_Employees **********
2020-06-11 10:36:28 INFO  EmployeesRestAPI:117 - ***********  Checking Content Lenght**********
2020-06-11 10:36:28 INFO  EmployeesRestAPI:120 - Content Length is==>595
2020-06-11 10:36:28 INFO  EmployeesRestAPI:84 - ***********  Checking Content Type **********
2020-06-11 10:36:28 INFO  EmployeesRestAPI:87 - Content type is ==>application/json;charset=utf-8
2020-06-11 10:36:28 INFO  EmployeesRestAPI:132 - ***********  Checking Cookies **********
2020-06-11 10:36:28 INFO  EmployeesRestAPI:55 - ***********  Checking Response Time **********
2020-06-11 10:36:28 INFO  EmployeesRestAPI:58 - Response Time is ==>1043
2020-06-11 10:36:28 INFO  EmployeesRestAPI:33 - ***********  Checking Respose Body **********
2020-06-11 10:36:28 INFO  EmployeesRestAPI:36 - Response Body==>{"status":"success","data":[{"id":"1","employee_name":"Tiger Nixon","employee_salary":"320800","employee_age":"61","profile_image":""},{"id":"2","employee_name":"Garrett Winters","employee_salary":"170750","employee_age":"63","profile_image":""},{"id":"3","employee_name":"Ashton Cox","employee_salary":"86000","employee_age":"66","profile_image":""},{"id":"4","employee_name":"Cedric Kelly","employee_salary":"433060","employee_age":"22","profile_image":""},{"id":"5","employee_name":"Airi Satou","employee_salary":"162700","employee_age":"33","profile_image":""},{"id":"6","employee_name":"Brielle Williamson","employee_salary":"372000","employee_age":"61","profile_image":""},{"id":"7","employee_name":"Herrod Chandler","employee_salary":"137500","employee_age":"59","profile_image":""},{"id":"8","employee_name":"Rhona Davidson","employee_salary":"327900","employee_age":"55","profile_image":""},{"id":"9","employee_name":"Colleen Hurst","employee_salary":"205500","employee_age":"39","profile_image":""},{"id":"10","employee_name":"Sonya Frost","employee_salary":"103600","employee_age":"23","profile_image":""},{"id":"11","employee_name":"Jena Gaines","employee_salary":"90560","employee_age":"30","profile_image":""},{"id":"12","employee_name":"Quinn Flynn","employee_salary":"342000","employee_age":"22","profile_image":""},{"id":"13","employee_name":"Charde Marshall","employee_salary":"470600","employee_age":"36","profile_image":""},{"id":"14","employee_name":"Haley Kennedy","employee_salary":"313500","employee_age":"43","profile_image":""},{"id":"15","employee_name":"Tatyana Fitzpatrick","employee_salary":"385750","employee_age":"19","profile_image":""},{"id":"16","employee_name":"Michael Silva","employee_salary":"198500","employee_age":"66","profile_image":""},{"id":"17","employee_name":"Paul Byrd","employee_salary":"725000","employee_age":"64","profile_image":""},{"id":"18","employee_name":"Gloria Little","employee_salary":"237500","employee_age":"59","profile_image":""},{"id":"19","employee_name":"Bradley Greer","employee_salary":"132000","employee_age":"41","profile_image":""},{"id":"20","employee_name":"Dai Rios","employee_salary":"217500","employee_age":"35","profile_image":""},{"id":"21","employee_name":"Jenette Caldwell","employee_salary":"345000","employee_age":"30","profile_image":""},{"id":"22","employee_name":"Yuri Berry","employee_salary":"675000","employee_age":"40","profile_image":""},{"id":"23","employee_name":"Caesar Vance","employee_salary":"106450","employee_age":"21","profile_image":""},{"id":"24","employee_name":"Doris Wilder","employee_salary":"85600","employee_age":"23","profile_image":""}]}
2020-06-11 10:36:28 INFO  EmployeesRestAPI:44 - ***********  Checking Status Code **********
2020-06-11 10:36:28 INFO  EmployeesRestAPI:47 - Status Code is ==>200
2020-06-11 10:36:28 INFO  EmployeesRestAPI:105 - ***********  Checking Content Encoding**********
2020-06-11 10:36:28 INFO  EmployeesRestAPI:108 - Content Encoding is==>gzip
2020-06-11 10:36:28 INFO  EmployeesRestAPI:94 - ***********  Checking Server Type **********
2020-06-11 10:36:28 INFO  EmployeesRestAPI:97 - Server Type is =>nginx/1.16.0
2020-06-11 10:36:28 INFO  EmployeesRestAPI:71 - ***********  Checking Status Line **********
2020-06-11 10:36:28 INFO  EmployeesRestAPI:74 - Status Line is ==>HTTP/1.1 200 OK
2020-06-11 10:36:28 INFO  EmployeesRestAPI:142 - *********  Finished TC001_Get_All_Employees **********
2020-06-11 10:36:28 INFO  EmployeesRestAPI:35 - *********Started TC002_Get_Single_Employee_Record **********
2020-06-11 10:36:36 INFO  EmployeesRestAPI:103 - *********  Finished TC002_Get_Single_Employee_Record **********
2020-06-11 10:36:36 INFO  EmployeesRestAPI:42 - *********Started TC003_Post_Employee_Record **********
2020-06-11 10:36:42 INFO  EmployeesRestAPI:115 - *********  Finished TC003_Post_Employee_Record **********
2020-06-11 10:36:42 INFO  EmployeesRestAPI:41 - *********Started TC004_Put_Employee_Record **********
2020-06-11 10:36:48 INFO  EmployeesRestAPI:115 - *********  Finished TC004_Put_Employee_Record **********
2020-06-11 10:36:48 INFO  EmployeesRestAPI:37 - *********Started TC005_Delete_Employee_Record **********
2020-06-11 10:36:52 INFO  EmployeesRestAPI:102 - *********  Finished TC005_Delete_Employee_Record **********
2020-06-11 10:54:56 INFO  EmployeesRestAPI:21 - *********Started TC001_Get_All_Employees **********
2020-06-11 10:55:03 INFO  EmployeesRestAPI:117 - ***********  Checking Content Lenght**********
2020-06-11 10:55:03 INFO  EmployeesRestAPI:120 - Content Length is==>595
2020-06-11 10:55:03 INFO  EmployeesRestAPI:84 - ***********  Checking Content Type **********
2020-06-11 10:55:03 INFO  EmployeesRestAPI:87 - Content type is ==>application/json;charset=utf-8
2020-06-11 10:55:03 INFO  EmployeesRestAPI:132 - ***********  Checking Cookies **********
2020-06-11 10:55:03 INFO  EmployeesRestAPI:55 - ***********  Checking Response Time **********
2020-06-11 10:55:03 INFO  EmployeesRestAPI:58 - Response Time is ==>1013
2020-06-11 10:55:03 INFO  EmployeesRestAPI:33 - ***********  Checking Respose Body **********
2020-06-11 10:55:03 INFO  EmployeesRestAPI:36 - Response Body==>{"status":"success","data":[{"id":"1","employee_name":"Tiger Nixon","employee_salary":"320800","employee_age":"61","profile_image":""},{"id":"2","employee_name":"Garrett Winters","employee_salary":"170750","employee_age":"63","profile_image":""},{"id":"3","employee_name":"Ashton Cox","employee_salary":"86000","employee_age":"66","profile_image":""},{"id":"4","employee_name":"Cedric Kelly","employee_salary":"433060","employee_age":"22","profile_image":""},{"id":"5","employee_name":"Airi Satou","employee_salary":"162700","employee_age":"33","profile_image":""},{"id":"6","employee_name":"Brielle Williamson","employee_salary":"372000","employee_age":"61","profile_image":""},{"id":"7","employee_name":"Herrod Chandler","employee_salary":"137500","employee_age":"59","profile_image":""},{"id":"8","employee_name":"Rhona Davidson","employee_salary":"327900","employee_age":"55","profile_image":""},{"id":"9","employee_name":"Colleen Hurst","employee_salary":"205500","employee_age":"39","profile_image":""},{"id":"10","employee_name":"Sonya Frost","employee_salary":"103600","employee_age":"23","profile_image":""},{"id":"11","employee_name":"Jena Gaines","employee_salary":"90560","employee_age":"30","profile_image":""},{"id":"12","employee_name":"Quinn Flynn","employee_salary":"342000","employee_age":"22","profile_image":""},{"id":"13","employee_name":"Charde Marshall","employee_salary":"470600","employee_age":"36","profile_image":""},{"id":"14","employee_name":"Haley Kennedy","employee_salary":"313500","employee_age":"43","profile_image":""},{"id":"15","employee_name":"Tatyana Fitzpatrick","employee_salary":"385750","employee_age":"19","profile_image":""},{"id":"16","employee_name":"Michael Silva","employee_salary":"198500","employee_age":"66","profile_image":""},{"id":"17","employee_name":"Paul Byrd","employee_salary":"725000","employee_age":"64","profile_image":""},{"id":"18","employee_name":"Gloria Little","employee_salary":"237500","employee_age":"59","profile_image":""},{"id":"19","employee_name":"Bradley Greer","employee_salary":"132000","employee_age":"41","profile_image":""},{"id":"20","employee_name":"Dai Rios","employee_salary":"217500","employee_age":"35","profile_image":""},{"id":"21","employee_name":"Jenette Caldwell","employee_salary":"345000","employee_age":"30","profile_image":""},{"id":"22","employee_name":"Yuri Berry","employee_salary":"675000","employee_age":"40","profile_image":""},{"id":"23","employee_name":"Caesar Vance","employee_salary":"106450","employee_age":"21","profile_image":""},{"id":"24","employee_name":"Doris Wilder","employee_salary":"85600","employee_age":"23","profile_image":""}]}
2020-06-11 10:55:03 INFO  EmployeesRestAPI:44 - ***********  Checking Status Code **********
2020-06-11 10:55:03 INFO  EmployeesRestAPI:47 - Status Code is ==>200
2020-06-11 10:55:03 INFO  EmployeesRestAPI:105 - ***********  Checking Content Encoding**********
2020-06-11 10:55:03 INFO  EmployeesRestAPI:108 - Content Encoding is==>gzip
2020-06-11 10:55:03 INFO  EmployeesRestAPI:94 - ***********  Checking Server Type **********
2020-06-11 10:55:03 INFO  EmployeesRestAPI:97 - Server Type is =>nginx/1.16.0
2020-06-11 10:55:03 INFO  EmployeesRestAPI:71 - ***********  Checking Status Line **********
2020-06-11 10:55:03 INFO  EmployeesRestAPI:74 - Status Line is ==>HTTP/1.1 200 OK
2020-06-11 10:55:03 INFO  EmployeesRestAPI:142 - *********  Finished TC001_Get_All_Employees **********
2020-06-11 10:55:03 INFO  EmployeesRestAPI:35 - *********Started TC002_Get_Single_Employee_Record **********
2020-06-11 10:55:11 INFO  EmployeesRestAPI:103 - *********  Finished TC002_Get_Single_Employee_Record **********
2020-06-11 10:55:11 INFO  EmployeesRestAPI:42 - *********Started TC003_Post_Employee_Record **********
2020-06-11 10:55:17 INFO  EmployeesRestAPI:115 - *********  Finished TC003_Post_Employee_Record **********
2020-06-11 10:55:17 INFO  EmployeesRestAPI:41 - *********Started TC004_Put_Employee_Record **********
2020-06-11 10:55:22 INFO  EmployeesRestAPI:115 - *********  Finished TC004_Put_Employee_Record **********
2020-06-11 10:55:22 INFO  EmployeesRestAPI:37 - *********Started TC005_Delete_Employee_Record **********
2020-06-11 10:55:27 INFO  EmployeesRestAPI:102 - *********  Finished TC005_Delete_Employee_Record **********
2020-06-11 10:56:01 INFO  EmployeesRestAPI:21 - *********Started TC001_Get_All_Employees **********
2020-06-11 10:56:07 INFO  EmployeesRestAPI:117 - ***********  Checking Content Lenght**********
2020-06-11 10:56:07 INFO  EmployeesRestAPI:120 - Content Length is==>595
2020-06-11 10:56:07 INFO  EmployeesRestAPI:84 - ***********  Checking Content Type **********
2020-06-11 10:56:07 INFO  EmployeesRestAPI:87 - Content type is ==>application/json;charset=utf-8
2020-06-11 10:56:07 INFO  EmployeesRestAPI:132 - ***********  Checking Cookies **********
2020-06-11 10:56:07 INFO  EmployeesRestAPI:55 - ***********  Checking Response Time **********
2020-06-11 10:56:07 INFO  EmployeesRestAPI:58 - Response Time is ==>702
2020-06-11 10:56:07 INFO  EmployeesRestAPI:33 - ***********  Checking Respose Body **********
2020-06-11 10:56:07 INFO  EmployeesRestAPI:36 - Response Body==>{"status":"success","data":[{"id":"1","employee_name":"Tiger Nixon","employee_salary":"320800","employee_age":"61","profile_image":""},{"id":"2","employee_name":"Garrett Winters","employee_salary":"170750","employee_age":"63","profile_image":""},{"id":"3","employee_name":"Ashton Cox","employee_salary":"86000","employee_age":"66","profile_image":""},{"id":"4","employee_name":"Cedric Kelly","employee_salary":"433060","employee_age":"22","profile_image":""},{"id":"5","employee_name":"Airi Satou","employee_salary":"162700","employee_age":"33","profile_image":""},{"id":"6","employee_name":"Brielle Williamson","employee_salary":"372000","employee_age":"61","profile_image":""},{"id":"7","employee_name":"Herrod Chandler","employee_salary":"137500","employee_age":"59","profile_image":""},{"id":"8","employee_name":"Rhona Davidson","employee_salary":"327900","employee_age":"55","profile_image":""},{"id":"9","employee_name":"Colleen Hurst","employee_salary":"205500","employee_age":"39","profile_image":""},{"id":"10","employee_name":"Sonya Frost","employee_salary":"103600","employee_age":"23","profile_image":""},{"id":"11","employee_name":"Jena Gaines","employee_salary":"90560","employee_age":"30","profile_image":""},{"id":"12","employee_name":"Quinn Flynn","employee_salary":"342000","employee_age":"22","profile_image":""},{"id":"13","employee_name":"Charde Marshall","employee_salary":"470600","employee_age":"36","profile_image":""},{"id":"14","employee_name":"Haley Kennedy","employee_salary":"313500","employee_age":"43","profile_image":""},{"id":"15","employee_name":"Tatyana Fitzpatrick","employee_salary":"385750","employee_age":"19","profile_image":""},{"id":"16","employee_name":"Michael Silva","employee_salary":"198500","employee_age":"66","profile_image":""},{"id":"17","employee_name":"Paul Byrd","employee_salary":"725000","employee_age":"64","profile_image":""},{"id":"18","employee_name":"Gloria Little","employee_salary":"237500","employee_age":"59","profile_image":""},{"id":"19","employee_name":"Bradley Greer","employee_salary":"132000","employee_age":"41","profile_image":""},{"id":"20","employee_name":"Dai Rios","employee_salary":"217500","employee_age":"35","profile_image":""},{"id":"21","employee_name":"Jenette Caldwell","employee_salary":"345000","employee_age":"30","profile_image":""},{"id":"22","employee_name":"Yuri Berry","employee_salary":"675000","employee_age":"40","profile_image":""},{"id":"23","employee_name":"Caesar Vance","employee_salary":"106450","employee_age":"21","profile_image":""},{"id":"24","employee_name":"Doris Wilder","employee_salary":"85600","employee_age":"23","profile_image":""}]}
2020-06-11 10:56:07 INFO  EmployeesRestAPI:44 - ***********  Checking Status Code **********
2020-06-11 10:56:07 INFO  EmployeesRestAPI:47 - Status Code is ==>200
2020-06-11 10:56:07 INFO  EmployeesRestAPI:105 - ***********  Checking Content Encoding**********
2020-06-11 10:56:07 INFO  EmployeesRestAPI:108 - Content Encoding is==>gzip
2020-06-11 10:56:07 INFO  EmployeesRestAPI:94 - ***********  Checking Server Type **********
2020-06-11 10:56:07 INFO  EmployeesRestAPI:97 - Server Type is =>nginx/1.16.0
2020-06-11 10:56:07 INFO  EmployeesRestAPI:71 - ***********  Checking Status Line **********
2020-06-11 10:56:07 INFO  EmployeesRestAPI:74 - Status Line is ==>HTTP/1.1 200 OK
2020-06-11 10:56:07 INFO  EmployeesRestAPI:142 - *********  Finished TC001_Get_All_Employees **********
2020-06-11 10:56:07 INFO  EmployeesRestAPI:35 - *********Started TC002_Get_Single_Employee_Record **********
2020-06-11 10:56:15 INFO  EmployeesRestAPI:103 - *********  Finished TC002_Get_Single_Employee_Record **********
2020-06-11 10:56:15 INFO  EmployeesRestAPI:42 - *********Started TC003_Post_Employee_Record **********
2020-06-11 10:56:21 INFO  EmployeesRestAPI:115 - *********  Finished TC003_Post_Employee_Record **********
2020-06-11 10:56:21 INFO  EmployeesRestAPI:41 - *********Started TC004_Put_Employee_Record **********
2020-06-11 10:56:27 INFO  EmployeesRestAPI:115 - *********  Finished TC004_Put_Employee_Record **********
2020-06-11 10:56:27 INFO  EmployeesRestAPI:37 - *********Started TC005_Delete_Employee_Record **********
2020-06-11 10:56:31 INFO  EmployeesRestAPI:102 - *********  Finished TC005_Delete_Employee_Record **********
2020-06-11 12:42:01 INFO  EmployeesRestAPI:21 - *********Started TC001_Get_All_Employees **********
2020-06-11 12:42:08 INFO  EmployeesRestAPI:117 - ***********  Checking Content Lenght**********
2020-06-11 12:42:08 INFO  EmployeesRestAPI:120 - Content Length is==>595
2020-06-11 12:42:08 INFO  EmployeesRestAPI:84 - ***********  Checking Content Type **********
2020-06-11 12:42:08 INFO  EmployeesRestAPI:87 - Content type is ==>application/json;charset=utf-8
2020-06-11 12:42:08 INFO  EmployeesRestAPI:132 - ***********  Checking Cookies **********
2020-06-11 12:42:08 INFO  EmployeesRestAPI:55 - ***********  Checking Response Time **********
2020-06-11 12:42:08 INFO  EmployeesRestAPI:58 - Response Time is ==>1070
2020-06-11 12:42:08 INFO  EmployeesRestAPI:33 - ***********  Checking Respose Body **********
2020-06-11 12:42:08 INFO  EmployeesRestAPI:36 - Response Body==>{"status":"success","data":[{"id":"1","employee_name":"Tiger Nixon","employee_salary":"320800","employee_age":"61","profile_image":""},{"id":"2","employee_name":"Garrett Winters","employee_salary":"170750","employee_age":"63","profile_image":""},{"id":"3","employee_name":"Ashton Cox","employee_salary":"86000","employee_age":"66","profile_image":""},{"id":"4","employee_name":"Cedric Kelly","employee_salary":"433060","employee_age":"22","profile_image":""},{"id":"5","employee_name":"Airi Satou","employee_salary":"162700","employee_age":"33","profile_image":""},{"id":"6","employee_name":"Brielle Williamson","employee_salary":"372000","employee_age":"61","profile_image":""},{"id":"7","employee_name":"Herrod Chandler","employee_salary":"137500","employee_age":"59","profile_image":""},{"id":"8","employee_name":"Rhona Davidson","employee_salary":"327900","employee_age":"55","profile_image":""},{"id":"9","employee_name":"Colleen Hurst","employee_salary":"205500","employee_age":"39","profile_image":""},{"id":"10","employee_name":"Sonya Frost","employee_salary":"103600","employee_age":"23","profile_image":""},{"id":"11","employee_name":"Jena Gaines","employee_salary":"90560","employee_age":"30","profile_image":""},{"id":"12","employee_name":"Quinn Flynn","employee_salary":"342000","employee_age":"22","profile_image":""},{"id":"13","employee_name":"Charde Marshall","employee_salary":"470600","employee_age":"36","profile_image":""},{"id":"14","employee_name":"Haley Kennedy","employee_salary":"313500","employee_age":"43","profile_image":""},{"id":"15","employee_name":"Tatyana Fitzpatrick","employee_salary":"385750","employee_age":"19","profile_image":""},{"id":"16","employee_name":"Michael Silva","employee_salary":"198500","employee_age":"66","profile_image":""},{"id":"17","employee_name":"Paul Byrd","employee_salary":"725000","employee_age":"64","profile_image":""},{"id":"18","employee_name":"Gloria Little","employee_salary":"237500","employee_age":"59","profile_image":""},{"id":"19","employee_name":"Bradley Greer","employee_salary":"132000","employee_age":"41","profile_image":""},{"id":"20","employee_name":"Dai Rios","employee_salary":"217500","employee_age":"35","profile_image":""},{"id":"21","employee_name":"Jenette Caldwell","employee_salary":"345000","employee_age":"30","profile_image":""},{"id":"22","employee_name":"Yuri Berry","employee_salary":"675000","employee_age":"40","profile_image":""},{"id":"23","employee_name":"Caesar Vance","employee_salary":"106450","employee_age":"21","profile_image":""},{"id":"24","employee_name":"Doris Wilder","employee_salary":"85600","employee_age":"23","profile_image":""}]}
2020-06-11 12:42:08 INFO  EmployeesRestAPI:44 - ***********  Checking Status Code **********
2020-06-11 12:42:08 INFO  EmployeesRestAPI:47 - Status Code is ==>200
2020-06-11 12:42:08 INFO  EmployeesRestAPI:105 - ***********  Checking Content Encoding**********
2020-06-11 12:42:08 INFO  EmployeesRestAPI:108 - Content Encoding is==>gzip
2020-06-11 12:42:08 INFO  EmployeesRestAPI:94 - ***********  Checking Server Type **********
2020-06-11 12:42:08 INFO  EmployeesRestAPI:97 - Server Type is =>nginx/1.16.0
2020-06-11 12:42:08 INFO  EmployeesRestAPI:71 - ***********  Checking Status Line **********
2020-06-11 12:42:08 INFO  EmployeesRestAPI:74 - Status Line is ==>HTTP/1.1 200 OK
2020-06-11 12:42:08 INFO  EmployeesRestAPI:142 - *********  Finished TC001_Get_All_Employees **********
2020-06-11 12:42:08 INFO  EmployeesRestAPI:35 - *********Started TC002_Get_Single_Employee_Record **********
2020-06-11 12:42:15 INFO  EmployeesRestAPI:103 - *********  Finished TC002_Get_Single_Employee_Record **********
2020-06-11 12:42:15 INFO  EmployeesRestAPI:42 - *********Started TC003_Post_Employee_Record **********
2020-06-11 12:42:21 INFO  EmployeesRestAPI:115 - *********  Finished TC003_Post_Employee_Record **********
2020-06-11 12:42:21 INFO  EmployeesRestAPI:41 - *********Started TC004_Put_Employee_Record **********
2020-06-11 12:42:27 INFO  EmployeesRestAPI:115 - *********  Finished TC004_Put_Employee_Record **********
2020-06-11 12:42:27 INFO  EmployeesRestAPI:37 - *********Started TC005_Delete_Employee_Record **********
2020-06-11 12:42:32 INFO  EmployeesRestAPI:102 - *********  Finished TC005_Delete_Employee_Record **********
2020-06-11 13:06:02 INFO  EmployeesRestAPI:21 - *********Started TC001_Get_All_Employees **********
2020-06-11 13:06:08 INFO  EmployeesRestAPI:117 - ***********  Checking Content Lenght**********
2020-06-11 13:06:08 INFO  EmployeesRestAPI:120 - Content Length is==>595
2020-06-11 13:06:08 INFO  EmployeesRestAPI:84 - ***********  Checking Content Type **********
2020-06-11 13:06:08 INFO  EmployeesRestAPI:87 - Content type is ==>application/json;charset=utf-8
2020-06-11 13:06:08 INFO  EmployeesRestAPI:132 - ***********  Checking Cookies **********
2020-06-11 13:06:08 INFO  EmployeesRestAPI:55 - ***********  Checking Response Time **********
2020-06-11 13:06:08 INFO  EmployeesRestAPI:58 - Response Time is ==>1084
2020-06-11 13:06:08 INFO  EmployeesRestAPI:33 - ***********  Checking Respose Body **********
2020-06-11 13:06:08 INFO  EmployeesRestAPI:36 - Response Body==>{"status":"success","data":[{"id":"1","employee_name":"Tiger Nixon","employee_salary":"320800","employee_age":"61","profile_image":""},{"id":"2","employee_name":"Garrett Winters","employee_salary":"170750","employee_age":"63","profile_image":""},{"id":"3","employee_name":"Ashton Cox","employee_salary":"86000","employee_age":"66","profile_image":""},{"id":"4","employee_name":"Cedric Kelly","employee_salary":"433060","employee_age":"22","profile_image":""},{"id":"5","employee_name":"Airi Satou","employee_salary":"162700","employee_age":"33","profile_image":""},{"id":"6","employee_name":"Brielle Williamson","employee_salary":"372000","employee_age":"61","profile_image":""},{"id":"7","employee_name":"Herrod Chandler","employee_salary":"137500","employee_age":"59","profile_image":""},{"id":"8","employee_name":"Rhona Davidson","employee_salary":"327900","employee_age":"55","profile_image":""},{"id":"9","employee_name":"Colleen Hurst","employee_salary":"205500","employee_age":"39","profile_image":""},{"id":"10","employee_name":"Sonya Frost","employee_salary":"103600","employee_age":"23","profile_image":""},{"id":"11","employee_name":"Jena Gaines","employee_salary":"90560","employee_age":"30","profile_image":""},{"id":"12","employee_name":"Quinn Flynn","employee_salary":"342000","employee_age":"22","profile_image":""},{"id":"13","employee_name":"Charde Marshall","employee_salary":"470600","employee_age":"36","profile_image":""},{"id":"14","employee_name":"Haley Kennedy","employee_salary":"313500","employee_age":"43","profile_image":""},{"id":"15","employee_name":"Tatyana Fitzpatrick","employee_salary":"385750","employee_age":"19","profile_image":""},{"id":"16","employee_name":"Michael Silva","employee_salary":"198500","employee_age":"66","profile_image":""},{"id":"17","employee_name":"Paul Byrd","employee_salary":"725000","employee_age":"64","profile_image":""},{"id":"18","employee_name":"Gloria Little","employee_salary":"237500","employee_age":"59","profile_image":""},{"id":"19","employee_name":"Bradley Greer","employee_salary":"132000","employee_age":"41","profile_image":""},{"id":"20","employee_name":"Dai Rios","employee_salary":"217500","employee_age":"35","profile_image":""},{"id":"21","employee_name":"Jenette Caldwell","employee_salary":"345000","employee_age":"30","profile_image":""},{"id":"22","employee_name":"Yuri Berry","employee_salary":"675000","employee_age":"40","profile_image":""},{"id":"23","employee_name":"Caesar Vance","employee_salary":"106450","employee_age":"21","profile_image":""},{"id":"24","employee_name":"Doris Wilder","employee_salary":"85600","employee_age":"23","profile_image":""}]}
2020-06-11 13:06:08 INFO  EmployeesRestAPI:44 - ***********  Checking Status Code **********
2020-06-11 13:06:08 INFO  EmployeesRestAPI:47 - Status Code is ==>200
2020-06-11 13:06:08 INFO  EmployeesRestAPI:105 - ***********  Checking Content Encoding**********
2020-06-11 13:06:08 INFO  EmployeesRestAPI:108 - Content Encoding is==>gzip
2020-06-11 13:06:08 INFO  EmployeesRestAPI:94 - ***********  Checking Server Type **********
2020-06-11 13:06:08 INFO  EmployeesRestAPI:97 - Server Type is =>nginx/1.16.0
2020-06-11 13:06:08 INFO  EmployeesRestAPI:71 - ***********  Checking Status Line **********
2020-06-11 13:06:08 INFO  EmployeesRestAPI:74 - Status Line is ==>HTTP/1.1 200 OK
2020-06-11 13:06:08 INFO  EmployeesRestAPI:142 - *********  Finished TC001_Get_All_Employees **********
2020-06-11 13:06:09 INFO  EmployeesRestAPI:35 - *********Started TC002_Get_Single_Employee_Record **********
2020-06-11 13:06:16 INFO  EmployeesRestAPI:103 - *********  Finished TC002_Get_Single_Employee_Record **********
2020-06-11 13:06:16 INFO  EmployeesRestAPI:42 - *********Started TC003_Post_Employee_Record **********
2020-06-11 13:06:22 INFO  EmployeesRestAPI:115 - *********  Finished TC003_Post_Employee_Record **********
2020-06-11 13:06:22 INFO  EmployeesRestAPI:41 - *********Started TC004_Put_Employee_Record **********
2020-06-11 13:06:28 INFO  EmployeesRestAPI:115 - *********  Finished TC004_Put_Employee_Record **********
2020-06-11 13:06:28 INFO  EmployeesRestAPI:37 - *********Started TC005_Delete_Employee_Record **********
2020-06-11 13:06:33 INFO  EmployeesRestAPI:102 - *********  Finished TC005_Delete_Employee_Record **********
